<component-set>
  <components>
    <component>
      <role>org.apache.maven.artifact.metadata.ArtifactMetadataSource</role>
      <role-hint>classpath</role-hint>
      <implementation>org.apache.maven.project.TestMetadataSource</implementation>
      <description></description>
      <isolated-realm>false</isolated-realm>
      <requirements>
        <requirement>
          <role>org.apache.maven.artifact.repository.metadata.RepositoryMetadataManager</role>
          <role-hint></role-hint>
          <field-name>repositoryMetadataManager</field-name>
        </requirement>
        <requirement>
          <role>org.apache.maven.artifact.factory.ArtifactFactory</role>
          <role-hint></role-hint>
          <field-name>repositorySystem</field-name>
        </requirement>
        <requirement>
          <role>org.codehaus.plexus.PlexusContainer</role>
          <role-hint></role-hint>
          <field-name>container</field-name>
        </requirement>
        <requirement>
          <role>org.codehaus.plexus.logging.Logger</role>
          <role-hint></role-hint>
          <field-name>logger</field-name>
        </requirement>
        <requirement>
          <role>org.apache.maven.project.artifact.MavenMetadataCache</role>
          <role-hint></role-hint>
          <field-name>cache</field-name>
        </requirement>
        <requirement>
          <role>org.apache.maven.plugin.LegacySupport</role>
          <role-hint></role-hint>
          <field-name>legacySupport</field-name>
        </requirement>
      </requirements>
    </component>
    <component>
      <role>org.apache.maven.artifact.repository.layout.ArtifactRepositoryLayout</role>
      <role-hint>legacy</role-hint>
      <implementation>org.apache.maven.repository.LegacyRepositoryLayout</implementation>
      <description></description>
      <isolated-realm>false</isolated-realm>
    </component>
    <component>
      <role>org.sonatype.aether.spi.connector.RepositoryConnectorFactory</role>
      <role-hint>test</role-hint>
      <implementation>org.apache.maven.repository.TestRepositoryConnectorFactory</implementation>
      <description></description>
      <isolated-realm>false</isolated-realm>
    </component>
    <component>
      <role>org.apache.maven.repository.RepositorySystem</role>
      <role-hint>default</role-hint>
      <implementation>org.apache.maven.repository.TestRepositorySystem</implementation>
      <description></description>
      <isolated-realm>false</isolated-realm>
      <requirements>
        <requirement>
          <role>org.apache.maven.model.io.ModelReader</role>
          <role-hint></role-hint>
          <field-name>modelReader</field-name>
        </requirement>
      </requirements>
    </component>
  </components>
</component-set>
