<?xml version="1.0" encoding="UTF-8"?>
<testsuite errors="0" failures="0" name="Calculation of sales tax" tests="4" time="0.263000">
<testcase classname="Calculation of sales tax.Sales tax exemption" name="Sales tax exemption" time="0.036000">
</testcase>
<testcase classname="Calculation of sales tax.Sales tax on goods that are exempted from tax but are imported goods" name="Sales tax on goods that are exempted from tax but are imported goods" time="0.102000">
</testcase>
<testcase classname="Calculation of sales tax.Sales tax on goods" name="Sales tax on goods" time="0.037000">
</testcase>
<testcase classname="Calculation of sales tax.Sales tax on goods that are imported and are not under exemption tax category" name="Sales tax on goods that are imported and are not under exemption tax category" time="0.088000">
</testcase>
</testsuite>
