<?xml version="1.0" encoding="UTF-8"?>
<testsuite errors="0" failures="0" name="Calculation of sales tax" tests="0" time="0.047000">
</testsuite>
